running egg_info
creating ../../build/comm_link/comm_link.egg-info
writing ../../build/comm_link/comm_link.egg-info/PKG-INFO
writing dependency_links to ../../build/comm_link/comm_link.egg-info/dependency_links.txt
writing entry points to ../../build/comm_link/comm_link.egg-info/entry_points.txt
writing requirements to ../../build/comm_link/comm_link.egg-info/requires.txt
writing top-level names to ../../build/comm_link/comm_link.egg-info/top_level.txt
writing manifest file '../../build/comm_link/comm_link.egg-info/SOURCES.txt'
reading manifest file '../../build/comm_link/comm_link.egg-info/SOURCES.txt'
writing manifest file '../../build/comm_link/comm_link.egg-info/SOURCES.txt'
running build
running build_py
creating /home/krishna/auv/build/comm_link/build
creating /home/krishna/auv/build/comm_link/build/lib
creating /home/krishna/auv/build/comm_link/build/lib/comm_link
copying comm_link/chat_node.py -> /home/krishna/auv/build/comm_link/build/lib/comm_link
copying comm_link/__init__.py -> /home/krishna/auv/build/comm_link/build/lib/comm_link
running install
running install_lib
creating /home/krishna/auv/install/comm_link/lib/python3.10/site-packages/comm_link
copying /home/krishna/auv/build/comm_link/build/lib/comm_link/chat_node.py -> /home/krishna/auv/install/comm_link/lib/python3.10/site-packages/comm_link
copying /home/krishna/auv/build/comm_link/build/lib/comm_link/__init__.py -> /home/krishna/auv/install/comm_link/lib/python3.10/site-packages/comm_link
byte-compiling /home/krishna/auv/install/comm_link/lib/python3.10/site-packages/comm_link/chat_node.py to chat_node.cpython-310.pyc
byte-compiling /home/krishna/auv/install/comm_link/lib/python3.10/site-packages/comm_link/__init__.py to __init__.cpython-310.pyc
running install_data
creating /home/krishna/auv/install/comm_link/share/ament_index
creating /home/krishna/auv/install/comm_link/share/ament_index/resource_index
creating /home/krishna/auv/install/comm_link/share/ament_index/resource_index/packages
copying resource/comm_link -> /home/krishna/auv/install/comm_link/share/ament_index/resource_index/packages
copying package.xml -> /home/krishna/auv/install/comm_link/share/comm_link
running install_egg_info
Copying ../../build/comm_link/comm_link.egg-info to /home/krishna/auv/install/comm_link/lib/python3.10/site-packages/comm_link-0.0.0-py3.10.egg-info
running install_scripts
Installing chat_node script to /home/krishna/auv/install/comm_link/lib/comm_link
writing list of installed files to '/home/krishna/auv/build/comm_link/install.log'
