[1.172s] Invoking command in '/home/krishna/auv/src/comm_link': PYTHONPATH=/home/krishna/auv/build/comm_link/prefix_override:/usr/lib/python3/dist-packages/colcon_core/task/python/colcon_distutils_commands:/home/krishna/auv/install/comm_link/lib/python3.10/site-packages:${PYTHONPATH} /usr/bin/python3 -W ignore:setup.py install is deprecated -W ignore:easy_install command is deprecated setup.py egg_info --egg-base ../../build/comm_link build --build-base /home/krishna/auv/build/comm_link/build install --record /home/krishna/auv/build/comm_link/install.log --single-version-externally-managed install_data
[1.431s] running egg_info
[1.432s] creating ../../build/comm_link/comm_link.egg-info
[1.432s] writing ../../build/comm_link/comm_link.egg-info/PKG-INFO
[1.432s] writing dependency_links to ../../build/comm_link/comm_link.egg-info/dependency_links.txt
[1.437s] writing entry points to ../../build/comm_link/comm_link.egg-info/entry_points.txt
[1.438s] writing requirements to ../../build/comm_link/comm_link.egg-info/requires.txt
[1.438s] writing top-level names to ../../build/comm_link/comm_link.egg-info/top_level.txt
[1.439s] writing manifest file '../../build/comm_link/comm_link.egg-info/SOURCES.txt'
[1.441s] reading manifest file '../../build/comm_link/comm_link.egg-info/SOURCES.txt'
[1.442s] writing manifest file '../../build/comm_link/comm_link.egg-info/SOURCES.txt'
[1.443s] running build
[1.443s] running build_py
[1.444s] creating /home/krishna/auv/build/comm_link/build
[1.444s] creating /home/krishna/auv/build/comm_link/build/lib
[1.444s] creating /home/krishna/auv/build/comm_link/build/lib/comm_link
[1.444s] copying comm_link/chat_node.py -> /home/krishna/auv/build/comm_link/build/lib/comm_link
[1.444s] copying comm_link/__init__.py -> /home/krishna/auv/build/comm_link/build/lib/comm_link
[1.445s] running install
[1.445s] running install_lib
[1.447s] creating /home/krishna/auv/install/comm_link/lib/python3.10/site-packages/comm_link
[1.448s] copying /home/krishna/auv/build/comm_link/build/lib/comm_link/chat_node.py -> /home/krishna/auv/install/comm_link/lib/python3.10/site-packages/comm_link
[1.448s] copying /home/krishna/auv/build/comm_link/build/lib/comm_link/__init__.py -> /home/krishna/auv/install/comm_link/lib/python3.10/site-packages/comm_link
[1.449s] byte-compiling /home/krishna/auv/install/comm_link/lib/python3.10/site-packages/comm_link/chat_node.py to chat_node.cpython-310.pyc
[1.450s] byte-compiling /home/krishna/auv/install/comm_link/lib/python3.10/site-packages/comm_link/__init__.py to __init__.cpython-310.pyc
[1.450s] running install_data
[1.451s] creating /home/krishna/auv/install/comm_link/share/ament_index
[1.451s] creating /home/krishna/auv/install/comm_link/share/ament_index/resource_index
[1.451s] creating /home/krishna/auv/install/comm_link/share/ament_index/resource_index/packages
[1.452s] copying resource/comm_link -> /home/krishna/auv/install/comm_link/share/ament_index/resource_index/packages
[1.452s] copying package.xml -> /home/krishna/auv/install/comm_link/share/comm_link
[1.453s] running install_egg_info
[1.455s] Copying ../../build/comm_link/comm_link.egg-info to /home/krishna/auv/install/comm_link/lib/python3.10/site-packages/comm_link-0.0.0-py3.10.egg-info
[1.456s] running install_scripts
[1.484s] Installing chat_node script to /home/krishna/auv/install/comm_link/lib/comm_link
[1.485s] writing list of installed files to '/home/krishna/auv/build/comm_link/install.log'
[1.525s] Invoked command in '/home/krishna/auv/src/comm_link' returned '0': PYTHONPATH=/home/krishna/auv/build/comm_link/prefix_override:/usr/lib/python3/dist-packages/colcon_core/task/python/colcon_distutils_commands:/home/krishna/auv/install/comm_link/lib/python3.10/site-packages:${PYTHONPATH} /usr/bin/python3 -W ignore:setup.py install is deprecated -W ignore:easy_install command is deprecated setup.py egg_info --egg-base ../../build/comm_link build --build-base /home/krishna/auv/build/comm_link/build install --record /home/krishna/auv/build/comm_link/install.log --single-version-externally-managed install_data
